C:\Program Files (x86)\Microsoft Visual Studio\2019\Community\MSBuild\Microsoft\VC\v160\Microsoft.CppBuild.targets(513,5): warning MSB8028: The intermediate directory (Debug\) contains files shared from another project (ASCII_GAME.vcxproj).  This can lead to incorrect clean and rebuild behavior.
  Vector2.cpp
  Vector3.cpp
  AnimatedSprite.cpp
  ASCIIRenderer.cpp
C:\Users\BPMxJ\OneDrive\Documents\4208 comp\New folder\ASCII Invaders START completed tutorial - Copy\ASCII_GAME\Core\Renderer\ASCIIRenderer.cpp(59,40): warning C4838: conversion from 'int' to 'SHORT' requires a narrowing conversion
C:\Users\BPMxJ\OneDrive\Documents\4208 comp\New folder\ASCII Invaders START completed tutorial - Copy\ASCII_GAME\Core\Renderer\ASCIIRenderer.cpp(59,58): warning C4838: conversion from 'int' to 'SHORT' requires a narrowing conversion
C:\Users\BPMxJ\OneDrive\Documents\4208 comp\New folder\ASCII Invaders START completed tutorial - Copy\ASCII_GAME\Core\Renderer\ASCIIRenderer.cpp(60,18): warning C4838: conversion from 'int' to 'SHORT' requires a narrowing conversion
C:\Users\BPMxJ\OneDrive\Documents\4208 comp\New folder\ASCII Invaders START completed tutorial - Copy\ASCII_GAME\Core\Renderer\ASCIIRenderer.cpp(60,31): warning C4838: conversion from 'int' to 'SHORT' requires a narrowing conversion
C:\Users\BPMxJ\OneDrive\Documents\4208 comp\New folder\ASCII Invaders START completed tutorial - Copy\ASCII_GAME\Core\Renderer\ASCIIRenderer.cpp(90,25): warning C4838: conversion from 'int' to 'SHORT' requires a narrowing conversion
C:\Users\BPMxJ\OneDrive\Documents\4208 comp\New folder\ASCII Invaders START completed tutorial - Copy\ASCII_GAME\Core\Renderer\ASCIIRenderer.cpp(90,34): warning C4838: conversion from 'int' to 'SHORT' requires a narrowing conversion
C:\Users\BPMxJ\OneDrive\Documents\4208 comp\New folder\ASCII Invaders START completed tutorial - Copy\ASCII_GAME\Core\Renderer\ASCIIRenderer.cpp(92,43): warning C4838: conversion from 'int' to 'SHORT' requires a narrowing conversion
C:\Users\BPMxJ\OneDrive\Documents\4208 comp\New folder\ASCII Invaders START completed tutorial - Copy\ASCII_GAME\Core\Renderer\ASCIIRenderer.cpp(92,55): warning C4838: conversion from 'int' to 'SHORT' requires a narrowing conversion
  Sprite.cpp
  Game.cpp
C:\Users\BPMxJ\OneDrive\Documents\4208 comp\New folder\ASCII Invaders START completed tutorial - Copy\ASCII_GAME\Game\Game.cpp(49,25): warning C4129: '_': unrecognized character escape sequence
C:\Users\BPMxJ\OneDrive\Documents\4208 comp\New folder\ASCII Invaders START completed tutorial - Copy\ASCII_GAME\Game\Game.cpp(161,24): warning C4566: character represented by universal-character-name '\u2588' cannot be represented in the current code page (1252)
C:\Users\BPMxJ\OneDrive\Documents\4208 comp\New folder\ASCII Invaders START completed tutorial - Copy\ASCII_GAME\Game\Game.cpp(163,24): warning C4566: character represented by universal-character-name '\u2588' cannot be represented in the current code page (1252)
C:\Users\BPMxJ\OneDrive\Documents\4208 comp\New folder\ASCII Invaders START completed tutorial - Copy\ASCII_GAME\Game\Game.cpp(165,26): warning C4566: character represented by universal-character-name '\u2588' cannot be represented in the current code page (1252)
C:\Users\BPMxJ\OneDrive\Documents\4208 comp\New folder\ASCII Invaders START completed tutorial - Copy\ASCII_GAME\Game\Game.cpp(284,60): warning C4244: 'argument': conversion from 'float' to 'int', possible loss of data
C:\Users\BPMxJ\OneDrive\Documents\4208 comp\New folder\ASCII Invaders START completed tutorial - Copy\ASCII_GAME\Game\Game.cpp(452,15): warning C4553: '==': result of expression not used; did you intend '='?
C:\Users\BPMxJ\OneDrive\Documents\4208 comp\New folder\ASCII Invaders START completed tutorial - Copy\ASCII_GAME\Game\Game.cpp(606,13): warning C4553: '==': result of expression not used; did you intend '='?
C:\Users\BPMxJ\OneDrive\Documents\4208 comp\New folder\ASCII Invaders START completed tutorial - Copy\ASCII_GAME\Game\Game.cpp(756,20): warning C4018: '<': signed/unsigned mismatch
C:\Users\BPMxJ\OneDrive\Documents\4208 comp\New folder\ASCII Invaders START completed tutorial - Copy\ASCII_GAME\Game\Game.cpp(761,20): warning C4018: '<': signed/unsigned mismatch
C:\Users\BPMxJ\OneDrive\Documents\4208 comp\New folder\ASCII Invaders START completed tutorial - Copy\ASCII_GAME\Game\Game.cpp(931,20): warning C4018: '<': signed/unsigned mismatch
  EnemyArmy.cpp
C:\Users\BPMxJ\OneDrive\Documents\4208 comp\New folder\ASCII Invaders START completed tutorial - Copy\ASCII_GAME\Game\GameObjects\EnemyArmy.cpp(32,12): warning C4244: 'argument': conversion from 'time_t' to 'unsigned int', possible loss of data
C:\Users\BPMxJ\OneDrive\Documents\4208 comp\New folder\ASCII Invaders START completed tutorial - Copy\ASCII_GAME\Game\GameObjects\EnemyArmy.cpp(59,14): warning C4244: 'argument': conversion from 'time_t' to 'unsigned int', possible loss of data
C:\Users\BPMxJ\OneDrive\Documents\4208 comp\New folder\ASCII Invaders START completed tutorial - Copy\ASCII_GAME\Game\GameObjects\EnemyArmy.cpp(86,64): warning C4244: 'argument': conversion from 'float' to 'int', possible loss of data
  EnemyShip.cpp
  Missile.cpp
  PlayerShip.cpp
  ScoreDisplay.cpp
  Main.cpp
  Generating Code...
  ASCII_GAME.vcxproj -> C:\Users\BPMxJ\OneDrive\Documents\4208 comp\New folder\ASCII Invaders START completed tutorial - Copy\Debug\ASCII_GAME completed.exe
