c:\users\cmpsczan\dropbox\teaching_ljmu_2019-20\4107comp - programming for games\assignment\ascii invaders induction\ascii invaders start\ascii_game\debug\vc141.pdb
c:\users\cmpsczan\dropbox\teaching_ljmu_2019-20\4107comp - programming for games\assignment\ascii invaders induction\ascii invaders start\ascii_game\debug\vc141.idb
c:\users\cmpsczan\dropbox\teaching_ljmu_2019-20\4107comp - programming for games\assignment\ascii invaders induction\ascii invaders start\ascii_game\debug\main.obj
c:\users\cmpsczan\dropbox\teaching_ljmu_2019-20\4107comp - programming for games\assignment\ascii invaders induction\ascii invaders start\ascii_game\debug\scoredisplay.obj
c:\users\cmpsczan\dropbox\teaching_ljmu_2019-20\4107comp - programming for games\assignment\ascii invaders induction\ascii invaders start\ascii_game\debug\playership.obj
c:\users\cmpsczan\dropbox\teaching_ljmu_2019-20\4107comp - programming for games\assignment\ascii invaders induction\ascii invaders start\ascii_game\debug\missile.obj
c:\users\cmpsczan\dropbox\teaching_ljmu_2019-20\4107comp - programming for games\assignment\ascii invaders induction\ascii invaders start\ascii_game\debug\enemyship.obj
c:\users\cmpsczan\dropbox\teaching_ljmu_2019-20\4107comp - programming for games\assignment\ascii invaders induction\ascii invaders start\ascii_game\debug\enemyarmy.obj
c:\users\cmpsczan\dropbox\teaching_ljmu_2019-20\4107comp - programming for games\assignment\ascii invaders induction\ascii invaders start\ascii_game\debug\game.obj
c:\users\cmpsczan\dropbox\teaching_ljmu_2019-20\4107comp - programming for games\assignment\ascii invaders induction\ascii invaders start\ascii_game\debug\sprite.obj
c:\users\cmpsczan\dropbox\teaching_ljmu_2019-20\4107comp - programming for games\assignment\ascii invaders induction\ascii invaders start\ascii_game\debug\asciirenderer.obj
c:\users\cmpsczan\dropbox\teaching_ljmu_2019-20\4107comp - programming for games\assignment\ascii invaders induction\ascii invaders start\ascii_game\debug\animatedsprite.obj
c:\users\cmpsczan\dropbox\teaching_ljmu_2019-20\4107comp - programming for games\assignment\ascii invaders induction\ascii invaders start\ascii_game\debug\vector3.obj
c:\users\cmpsczan\dropbox\teaching_ljmu_2019-20\4107comp - programming for games\assignment\ascii invaders induction\ascii invaders start\ascii_game\debug\vector2.obj
c:\users\czann\onedrive - liverpool john moores university\teaching_ljmu_2020-21\4107comp-programming for games\assignment\ascii invaders induction\ascii invaders start\ascii_game\debug\vc141.pdb
c:\users\czann\onedrive - liverpool john moores university\teaching_ljmu_2020-21\4107comp-programming for games\assignment\ascii invaders induction\ascii invaders start\ascii_game\debug\vc141.idb
c:\users\czann\onedrive - liverpool john moores university\teaching_ljmu_2020-21\4107comp-programming for games\assignment\ascii invaders induction\ascii invaders start\ascii_game\debug\main.obj
c:\users\czann\onedrive - liverpool john moores university\teaching_ljmu_2020-21\4107comp-programming for games\assignment\ascii invaders induction\ascii invaders start\ascii_game\debug\scoredisplay.obj
c:\users\czann\onedrive - liverpool john moores university\teaching_ljmu_2020-21\4107comp-programming for games\assignment\ascii invaders induction\ascii invaders start\ascii_game\debug\playership.obj
c:\users\czann\onedrive - liverpool john moores university\teaching_ljmu_2020-21\4107comp-programming for games\assignment\ascii invaders induction\ascii invaders start\ascii_game\debug\missile.obj
c:\users\czann\onedrive - liverpool john moores university\teaching_ljmu_2020-21\4107comp-programming for games\assignment\ascii invaders induction\ascii invaders start\ascii_game\debug\enemyship.obj
c:\users\czann\onedrive - liverpool john moores university\teaching_ljmu_2020-21\4107comp-programming for games\assignment\ascii invaders induction\ascii invaders start\ascii_game\debug\enemyarmy.obj
c:\users\czann\onedrive - liverpool john moores university\teaching_ljmu_2020-21\4107comp-programming for games\assignment\ascii invaders induction\ascii invaders start\ascii_game\debug\game.obj
c:\users\czann\onedrive - liverpool john moores university\teaching_ljmu_2020-21\4107comp-programming for games\assignment\ascii invaders induction\ascii invaders start\ascii_game\debug\sprite.obj
c:\users\czann\onedrive - liverpool john moores university\teaching_ljmu_2020-21\4107comp-programming for games\assignment\ascii invaders induction\ascii invaders start\ascii_game\debug\asciirenderer.obj
c:\users\czann\onedrive - liverpool john moores university\teaching_ljmu_2020-21\4107comp-programming for games\assignment\ascii invaders induction\ascii invaders start\ascii_game\debug\animatedsprite.obj
c:\users\czann\onedrive - liverpool john moores university\teaching_ljmu_2020-21\4107comp-programming for games\assignment\ascii invaders induction\ascii invaders start\ascii_game\debug\vector3.obj
c:\users\czann\onedrive - liverpool john moores university\teaching_ljmu_2020-21\4107comp-programming for games\assignment\ascii invaders induction\ascii invaders start\ascii_game\debug\vector2.obj
c:\users\cmpsczan\dropbox\teaching_ljmu_2019-20\4107comp - programming for games\assignment\ascii invaders induction\ascii invaders start\debug\ascii_game.exe
c:\users\cmpsczan\dropbox\teaching_ljmu_2019-20\4107comp - programming for games\assignment\ascii invaders induction\ascii invaders start\debug\ascii_game.ilk
c:\users\cmpsczan\dropbox\teaching_ljmu_2019-20\4107comp - programming for games\assignment\ascii invaders induction\ascii invaders start\debug\ascii_game.pdb
c:\users\czann\onedrive - liverpool john moores university\teaching_ljmu_2020-21\4107comp-programming for games\assignment\ascii invaders induction\ascii invaders start\debug\ascii_game.ilk
c:\users\czann\onedrive - liverpool john moores university\teaching_ljmu_2020-21\4107comp-programming for games\assignment\ascii invaders induction\ascii invaders start\debug\ascii_game.exe
c:\users\czann\onedrive - liverpool john moores university\teaching_ljmu_2020-21\4107comp-programming for games\assignment\ascii invaders induction\ascii invaders start\debug\ascii_game.pdb
c:\users\czann\onedrive - liverpool john moores university\teaching_ljmu_2020-21\4107comp-programming for games\assignment\ascii invaders induction\ascii invaders start\ascii_game\debug\ascii_game.tlog\cl.command.1.tlog
c:\users\czann\onedrive - liverpool john moores university\teaching_ljmu_2020-21\4107comp-programming for games\assignment\ascii invaders induction\ascii invaders start\ascii_game\debug\ascii_game.tlog\cl.read.1.tlog
c:\users\czann\onedrive - liverpool john moores university\teaching_ljmu_2020-21\4107comp-programming for games\assignment\ascii invaders induction\ascii invaders start\ascii_game\debug\ascii_game.tlog\cl.write.1.tlog
c:\users\czann\onedrive - liverpool john moores university\teaching_ljmu_2020-21\4107comp-programming for games\assignment\ascii invaders induction\ascii invaders start\ascii_game\debug\ascii_game.tlog\link.command.1.tlog
c:\users\czann\onedrive - liverpool john moores university\teaching_ljmu_2020-21\4107comp-programming for games\assignment\ascii invaders induction\ascii invaders start\ascii_game\debug\ascii_game.tlog\link.read.1.tlog
c:\users\czann\onedrive - liverpool john moores university\teaching_ljmu_2020-21\4107comp-programming for games\assignment\ascii invaders induction\ascii invaders start\ascii_game\debug\ascii_game.tlog\link.write.1.tlog
